DiagnosticsPlugin.exe Information: 0 : [20/12/2017 12:23:33] Starting DiagnosticPlugin.exe DiagnosticPlugin-ShutdownEvent DiagnosticPlugin-TotalShutdownEvent -wadVer1v5
DiagnosticsPlugin.exe Information: 0 : [20/12/2017 12:23:33] Successfully saved IIS Directory state
DiagnosticsPlugin.exe Information: 0 : [20/12/2017 12:23:33] Starting DiagnosticsPlugin
DiagnosticsPlugin.exe Information: 0 : [20/12/2017 12:23:33] Emulator config file set to C:\Users\AndreaRepaciEuroSort\Source\Repos\AndreaRepaci\AzureWCF\csx\Debug\roles\WCFServiceWebRole2\approot\diagnostics.wadcfgx
DiagnosticsPlugin.exe Information: 0 : [20/12/2017 12:23:33] DiagnosticsStoreRootPath set to: C:\Users\AndreaRepaciEuroSort\AppData\Local\dftmp\Resources\4fc55124-30aa-4344-90e8-d384d8de2035
DiagnosticsPlugin.exe Information: 0 : [20/12/2017 12:23:33] Loading config file: C:\Users\AndreaRepaciEuroSort\Source\Repos\AndreaRepaci\AzureWCF\csx\Debug\roles\WCFServiceWebRole2\approot\diagnostics.wadcfgx
DiagnosticsPlugin.exe Information: 0 : [20/12/2017 12:23:33] Config file to read: C:\Users\AndreaRepaciEuroSort\Source\Repos\AndreaRepaci\AzureWCF\csx\Debug\roles\WCFServiceWebRole2\approot\diagnostics.wadcfgx
DiagnosticsPlugin.exe Information: 0 : [20/12/2017 12:23:33] Checking VM Type
DiagnosticsPlugin.exe Information: 0 : [20/12/2017 12:23:33] Emulator config file set to C:\Users\AndreaRepaciEuroSort\Source\Repos\AndreaRepaci\AzureWCF\csx\Debug\roles\WCFServiceWebRole2\approot\diagnostics.wadcfgx
DiagnosticsPlugin.exe Information: 0 : [20/12/2017 12:23:33] Extension set to Emulator Mode
DiagnosticsPlugin.exe Information: 0 : [20/12/2017 12:23:33] Reading XML configuration file
DiagnosticsPlugin.exe Information: 0 : [20/12/2017 12:23:33] Bypassing private config decryption
DiagnosticsPlugin.exe Information: 0 : [20/12/2017 12:23:33] WadCfg is provided in initial configuration. Using that to initialize Diagnostics.
DiagnosticsPlugin.exe Information: 0 : [20/12/2017 12:23:33] <PublicConfig xmlns="http://schemas.microsoft.com/ServiceHosting/2010/10/DiagnosticsConfiguration">
  <WadCfg>
    <DiagnosticMonitorConfiguration overallQuotaInMB="4096">
      <DiagnosticInfrastructureLogs scheduledTransferLogLevelFilter="Error" />
      <Logs scheduledTransferPeriod="PT1M" scheduledTransferLogLevelFilter="Error" />
      <Directories scheduledTransferPeriod="PT1M">
        <IISLogs containerName="wad-iis-logfiles" />
        <FailedRequestLogs containerName="wad-failedrequestlogs" />
      </Directories>
      <WindowsEventLog scheduledTransferPeriod="PT1M">
        <DataSource name="Application!*[System[(Level=1 or Level=2 or Level=3)]]" />
        <DataSource name="Windows Azure!*[System[(Level=1 or Level=2 or Level=3 or Level=4)]]" />
      </WindowsEventLog>
      <CrashDumps containerName="wad-crashdumps" dumpType="Mini">
        <CrashDumpConfiguration processName="WaIISHost.exe" />
        <CrashDumpConfiguration processName="WaWorkerHost.exe" />
        <CrashDumpConfiguration processName="w3wp.exe" />
      </CrashDumps>
      <PerformanceCounters scheduledTransferPeriod="PT1M">
        <PerformanceCounterConfiguration counterSpecifier="\Memory\Available MBytes" sampleRate="PT3M" />
        <PerformanceCounterConfiguration counterSpecifier="\Web Service(_Total)\ISAPI Extension Requests/sec" sampleRate="PT3M" />
        <PerformanceCounterConfiguration counterSpecifier="\Web Service(_Total)\Bytes Total/Sec" sampleRate="PT3M" />
        <PerformanceCounterConfiguration counterSpecifier="\ASP.NET Applications(__Total__)\Requests/Sec" sampleRate="PT3M" />
        <PerformanceCounterConfiguration counterSpecifier="\ASP.NET Applications(__Total__)\Errors Total/Sec" sampleRate="PT3M" />
        <PerformanceCounterConfiguration counterSpecifier="\ASP.NET\Requests Queued" sampleRate="PT3M" />
        <PerformanceCounterConfiguration counterSpecifier="\ASP.NET\Requests Rejected" sampleRate="PT3M" />
        <PerformanceCounterConfiguration counterSpecifier="\Processor(_Total)\% Processor Time" sampleRate="PT3M" />
      </PerformanceCounters>
    </DiagnosticMonitorConfiguration>
  </WadCfg>
  <StorageAccount>devstoreaccount1</StorageAccount>
</PublicConfig>
DiagnosticsPlugin.exe Information: 0 : [20/12/2017 12:23:33] Private setting is loaded
DiagnosticsPlugin.exe Information: 0 : [20/12/2017 12:23:33] Is config json/xml loaded
DiagnosticsPlugin.exe Information: 0 : [20/12/2017 12:23:33] Checking if configuration needs to be fetched from the storage account and doing so if needed.
DiagnosticsPlugin.exe Information: 0 : [20/12/2017 12:23:33] Successfully created checkpoint file C:\Users\AndreaRepaciEuroSort\AppData\Local\dftmp\Resources\4fc55124-30aa-4344-90e8-d384d8de2035\WAD0105\Configuration\Checkpoint.txt
DiagnosticsPlugin.exe Information: 0 : [20/12/2017 12:23:33] Will use local resource directory C:\Users\AndreaRepaciEuroSort\AppData\Local\dftmp\Resources\4fc55124-30aa-4344-90e8-d384d8de2035\WAD0105
DiagnosticsPlugin.exe Information: 0 : [20/12/2017 12:23:33] Will use endpoint https://core.windows.net for storage.
DiagnosticsPlugin.exe Information: 0 : [20/12/2017 12:23:34] Expanding path %SystemDrive%\inetpub\logs\LogFiles to C:\inetpub\logs\LogFiles
DiagnosticsPlugin.exe Information: 0 : [20/12/2017 12:23:34] Expanding path %SystemDrive%\inetpub\logs\FailedReqLogFiles to C:\inetpub\logs\FailedReqLogFiles
DiagnosticsPlugin.exe Information: 0 : [20/12/2017 12:23:34] Created IIS log watch item: "C:\inetpub\logs\LogFiles"
DiagnosticsPlugin.exe Information: 0 : [20/12/2017 12:23:34] Created IIS failed requests watch item: "C:\inetpub\logs\FailedReqLogFiles"
DiagnosticsPlugin.exe Information: 0 : [20/12/2017 12:23:34] Running in emulator mode, crash dumps not enabled
DiagnosticsPlugin.exe Information: 0 : [20/12/2017 12:23:34] Checking to see if Application Insights extension needs to be configured.
DiagnosticsPlugin.exe Information: 0 : [20/12/2017 12:23:34] In emulator mode and using devstore updating XStoreAccount info, command line args: -LocalPath "C:\Users\AndreaRepaciEuroSort\AppData\Local\dftmp\Resources\4fc55124-30aa-4344-90e8-d384d8de2035\WAD0105"  -ConfigFile "C:\Users\AndreaRepaciEuroSort\AppData\Local\dftmp\Resources\4fc55124-30aa-4344-90e8-d384d8de2035\WAD0105\Configuration\MaConfig.xml" -ShutDownEvent WADDM-ShutDown-6aa49e60ea06443297a1f7c0bd4538d0  -TotalShutDownEvent WADDM-TotalShutDown-6aa49e60ea06443297a1f7c0bd4538d0 -InitializedEvent WADM-StartUp-6aa49e60ea06443297a1f7c0bd4538d0 -parent 12012 -events -wadVer1v5 -UseProxyServer -XStoreAccounts WadAccount#true#devstoreaccount1#Eby8vdM02xNOcqFlqUwJPLlmEtlCDXJ1OUzFT50uSRZ6IFsuFq2UVErCz4I6tq/K1SZFPTOtr/KBHBeksoGMGw==#http://127.0.0.1:10002#http://127.0.0.1:10001#http://127.0.0.1:10000
DiagnosticsPlugin.exe Error: 0 : [20/12/2017 12:24:04] Microsoft.Cis.Monitoring.Query.QueryException: ErrorFail
   in Microsoft.Cis.Monitoring.Query.QueryLocalTable..ctor(String TableName, String TablePath)
   in ApplicationInsightsExtension.MATableReader.ReadTableRecords(String tableName, String tablePath, DateTime startTime, DateTime endTime)
   in Microsoft.Azure.Plugins.Diagnostics.dll.MAStatusWriter.UpdateStatusReport(Object sender, ElapsedEventArgs e)
